<?xml version="1.0" encoding="UTF-8"?>
<!-- Generated by org.testng.reporters.JUnitReportReporter -->
<testsuite hostname="ddcafbdcfabea305231186cdfcdbdecdadone-0" failures="0" tests="1" name="runner.Testcase1" time="8.889" errors="0" timestamp="2023-09-19T07:17:23 UTC" skipped="0">
  <testcase classname="runner.Testcase1" name="TC_001" time="8.889"/>
</testsuite> <!-- runner.Testcase1 -->
